C:\Program Files\Microsoft Visual Studio\2022\Community\MSBuild\Microsoft\VC\v170\Microsoft.CppBuild.targets(516,5): warning MSB8004: каталог Intermediate заканчивается не косой чертой.  Этот экземпляр сборки добавит косую черту, поскольку она необходима для правильного определения каталога Intermediate.
C:\Program Files\Microsoft Visual Studio\2022\Community\MSBuild\Microsoft\VC\v170\Microsoft.CppBuild.targets(517,5): warning MSB8004: каталог Output заканчивается не косой чертой.  Этот экземпляр сборки добавит косую черту, поскольку она необходима для правильного определения каталога Output.
  Application.cpp
D:\Abandoned\tpro-ddz\Abandoned\Constants.hpp(17,40): warning C4244: инициализация: преобразование "float" в "const unsigned int", возможна потеря данных
  (компиляция исходного файла "Application.cpp")
  
D:\Abandoned\tpro-ddz\Abandoned\MapManager.hpp(82,48): warning C4244: аргумент: преобразование "unsigned int" в "float", возможна потеря данных
  (компиляция исходного файла "Application.cpp")
  
D:\Abandoned\tpro-ddz\Abandoned\MapManager.hpp(82,27): warning C4244: аргумент: преобразование "unsigned int" в "float", возможна потеря данных
  (компиляция исходного файла "Application.cpp")
  
D:\Abandoned\tpro-ddz\Abandoned\MapManager.hpp(105,48): warning C4244: аргумент: преобразование "unsigned int" в "float", возможна потеря данных
  (компиляция исходного файла "Application.cpp")
  
D:\Abandoned\tpro-ddz\Abandoned\MapManager.hpp(105,27): warning C4244: аргумент: преобразование "unsigned int" в "float", возможна потеря данных
  (компиляция исходного файла "Application.cpp")
  
D:\Abandoned\tpro-ddz\Abandoned\Application.cpp(10,61): warning C4244: аргумент: преобразование "const float" в "unsigned int", возможна потеря данных
D:\Abandoned\tpro-ddz\Abandoned\Application.cpp(10,47): warning C4244: аргумент: преобразование "const float" в "unsigned int", возможна потеря данных
  Player.cpp
D:\Abandoned\tpro-ddz\Abandoned\Constants.hpp(17,40): warning C4244: инициализация: преобразование "float" в "const unsigned int", возможна потеря данных
  (компиляция исходного файла "Player.cpp")
  
D:\Abandoned\tpro-ddz\Abandoned\Player.cpp(10,79): warning C4244: аргумент: преобразование "const T" в "T", возможна потеря данных
D:\Abandoned\tpro-ddz\Abandoned\Player.cpp(10,79): warning C4244:         with
D:\Abandoned\tpro-ddz\Abandoned\Player.cpp(10,79): warning C4244:         [
D:\Abandoned\tpro-ddz\Abandoned\Player.cpp(10,79): warning C4244:             T=int
D:\Abandoned\tpro-ddz\Abandoned\Player.cpp(10,79): warning C4244:         ]
D:\Abandoned\tpro-ddz\Abandoned\Player.cpp(10,79): warning C4244:         and
D:\Abandoned\tpro-ddz\Abandoned\Player.cpp(10,79): warning C4244:         [
D:\Abandoned\tpro-ddz\Abandoned\Player.cpp(10,79): warning C4244:             T=float
D:\Abandoned\tpro-ddz\Abandoned\Player.cpp(10,79): warning C4244:         ]
D:\Abandoned\tpro-ddz\Abandoned\Player.cpp(10,47): warning C4244: аргумент: преобразование "const T" в "T", возможна потеря данных
D:\Abandoned\tpro-ddz\Abandoned\Player.cpp(10,47): warning C4244:         with
D:\Abandoned\tpro-ddz\Abandoned\Player.cpp(10,47): warning C4244:         [
D:\Abandoned\tpro-ddz\Abandoned\Player.cpp(10,47): warning C4244:             T=int
D:\Abandoned\tpro-ddz\Abandoned\Player.cpp(10,47): warning C4244:         ]
D:\Abandoned\tpro-ddz\Abandoned\Player.cpp(10,47): warning C4244:         and
D:\Abandoned\tpro-ddz\Abandoned\Player.cpp(10,47): warning C4244:         [
D:\Abandoned\tpro-ddz\Abandoned\Player.cpp(10,47): warning C4244:             T=float
D:\Abandoned\tpro-ddz\Abandoned\Player.cpp(10,47): warning C4244:         ]
  PlayerController.cpp
D:\Abandoned\tpro-ddz\Abandoned\Constants.hpp(17,40): warning C4244: инициализация: преобразование "float" в "const unsigned int", возможна потеря данных
  (компиляция исходного файла "PlayerController.cpp")
  
D:\Abandoned\tpro-ddz\Abandoned\PlayerController.cpp(70,38): warning C4244: return: преобразование "int" в "float", возможна потеря данных
D:\Abandoned\tpro-ddz\Abandoned\PlayerController.cpp(81,20): warning C4244: return: преобразование "int" в "float", возможна потеря данных
D:\Abandoned\tpro-ddz\Abandoned\PlayerController.cpp(239,40): warning C4244: аргумент: преобразование "unsigned int" в "T", возможна потеря данных
D:\Abandoned\tpro-ddz\Abandoned\PlayerController.cpp(239,40): warning C4244:         with
D:\Abandoned\tpro-ddz\Abandoned\PlayerController.cpp(239,40): warning C4244:         [
D:\Abandoned\tpro-ddz\Abandoned\PlayerController.cpp(239,40): warning C4244:             T=float
D:\Abandoned\tpro-ddz\Abandoned\PlayerController.cpp(239,40): warning C4244:         ]
D:\Abandoned\tpro-ddz\Abandoned\PlayerController.cpp(238,59): warning C4244: аргумент: преобразование "unsigned int" в "T", возможна потеря данных
D:\Abandoned\tpro-ddz\Abandoned\PlayerController.cpp(238,59): warning C4244:         with
D:\Abandoned\tpro-ddz\Abandoned\PlayerController.cpp(238,59): warning C4244:         [
D:\Abandoned\tpro-ddz\Abandoned\PlayerController.cpp(238,59): warning C4244:             T=float
D:\Abandoned\tpro-ddz\Abandoned\PlayerController.cpp(238,59): warning C4244:         ]
  main.cpp
D:\Abandoned\tpro-ddz\Abandoned\Constants.hpp(17,40): warning C4244: инициализация: преобразование "float" в "const unsigned int", возможна потеря данных
  (компиляция исходного файла "main.cpp")
  
  Создание кода...
  Abandoned.vcxproj -> D:\Abandoned\tpro-ddz\bin\Debug\x64\Abandoned.exe
