C:\Program Files\Microsoft Visual Studio\2022\Community\MSBuild\Microsoft\VC\v170\Microsoft.CppBuild.targets(516,5): warning MSB8004: Intermediate Directory does not end with a trailing slash.  This build instance will add the slash as it is required to allow proper evaluation of the Intermediate Directory.
C:\Program Files\Microsoft Visual Studio\2022\Community\MSBuild\Microsoft\VC\v170\Microsoft.CppBuild.targets(517,5): warning MSB8004: Output Directory does not end with a trailing slash.  This build instance will add the slash as it is required to allow proper evaluation of the Output Directory.
  Application.cpp
F:\projects\TP\Abandoned\Abandoned\Application.cpp(10,61): warning C4244: 'argument': conversion from 'const float' to 'unsigned int', possible loss of data
F:\projects\TP\Abandoned\Abandoned\Application.cpp(10,47): warning C4244: 'argument': conversion from 'const float' to 'unsigned int', possible loss of data
  Player.cpp
F:\projects\TP\Abandoned\Abandoned\Player.cpp(10,79): warning C4244: 'argument': conversion from 'const T' to 'T', possible loss of data
F:\projects\TP\Abandoned\Abandoned\Player.cpp(10,79): warning C4244:         with
F:\projects\TP\Abandoned\Abandoned\Player.cpp(10,79): warning C4244:         [
F:\projects\TP\Abandoned\Abandoned\Player.cpp(10,79): warning C4244:             T=int
F:\projects\TP\Abandoned\Abandoned\Player.cpp(10,79): warning C4244:         ]
F:\projects\TP\Abandoned\Abandoned\Player.cpp(10,79): warning C4244:         and
F:\projects\TP\Abandoned\Abandoned\Player.cpp(10,79): warning C4244:         [
F:\projects\TP\Abandoned\Abandoned\Player.cpp(10,79): warning C4244:             T=float
F:\projects\TP\Abandoned\Abandoned\Player.cpp(10,79): warning C4244:         ]
F:\projects\TP\Abandoned\Abandoned\Player.cpp(10,47): warning C4244: 'argument': conversion from 'const T' to 'T', possible loss of data
F:\projects\TP\Abandoned\Abandoned\Player.cpp(10,47): warning C4244:         with
F:\projects\TP\Abandoned\Abandoned\Player.cpp(10,47): warning C4244:         [
F:\projects\TP\Abandoned\Abandoned\Player.cpp(10,47): warning C4244:             T=int
F:\projects\TP\Abandoned\Abandoned\Player.cpp(10,47): warning C4244:         ]
F:\projects\TP\Abandoned\Abandoned\Player.cpp(10,47): warning C4244:         and
F:\projects\TP\Abandoned\Abandoned\Player.cpp(10,47): warning C4244:         [
F:\projects\TP\Abandoned\Abandoned\Player.cpp(10,47): warning C4244:             T=float
F:\projects\TP\Abandoned\Abandoned\Player.cpp(10,47): warning C4244:         ]
  PlayerController.cpp
F:\projects\TP\Abandoned\Abandoned\PlayerController.cpp(65,103): warning C4244: 'argument': conversion from 'T' to 'T', possible loss of data
F:\projects\TP\Abandoned\Abandoned\PlayerController.cpp(65,103): warning C4244:         with
F:\projects\TP\Abandoned\Abandoned\PlayerController.cpp(65,103): warning C4244:         [
F:\projects\TP\Abandoned\Abandoned\PlayerController.cpp(65,103): warning C4244:             T=int
F:\projects\TP\Abandoned\Abandoned\PlayerController.cpp(65,103): warning C4244:         ]
F:\projects\TP\Abandoned\Abandoned\PlayerController.cpp(65,103): warning C4244:         and
F:\projects\TP\Abandoned\Abandoned\PlayerController.cpp(65,103): warning C4244:         [
F:\projects\TP\Abandoned\Abandoned\PlayerController.cpp(65,103): warning C4244:             T=float
F:\projects\TP\Abandoned\Abandoned\PlayerController.cpp(65,103): warning C4244:         ]
F:\projects\TP\Abandoned\Abandoned\PlayerController.cpp(65,68): warning C4244: 'argument': conversion from 'T' to 'T', possible loss of data
F:\projects\TP\Abandoned\Abandoned\PlayerController.cpp(65,68): warning C4244:         with
F:\projects\TP\Abandoned\Abandoned\PlayerController.cpp(65,68): warning C4244:         [
F:\projects\TP\Abandoned\Abandoned\PlayerController.cpp(65,68): warning C4244:             T=int
F:\projects\TP\Abandoned\Abandoned\PlayerController.cpp(65,68): warning C4244:         ]
F:\projects\TP\Abandoned\Abandoned\PlayerController.cpp(65,68): warning C4244:         and
F:\projects\TP\Abandoned\Abandoned\PlayerController.cpp(65,68): warning C4244:         [
F:\projects\TP\Abandoned\Abandoned\PlayerController.cpp(65,68): warning C4244:             T=float
F:\projects\TP\Abandoned\Abandoned\PlayerController.cpp(65,68): warning C4244:         ]
  main.cpp
  Generating Code...
  Abandoned.vcxproj -> F:\projects\TP\Abandoned\bin\Debug\Win32\Abandoned.exe
